<?xml version="1.0" encoding="UTF-8"?>
<testsuite xmlns:xsi="http://www.w3.org/2001/XMLSchema-instance" xsi:noNamespaceSchemaLocation="https://maven.apache.org/surefire/maven-surefire-plugin/xsd/surefire-test-report.xsd" name="com.alysonnbs.javaspaces.AppTest" time="0.045" tests="1" errors="0" skipped="0" failures="0">
  <properties>
    <property name="sun.desktop" value="windows"/>
    <property name="awt.toolkit" value="sun.awt.windows.WToolkit"/>
    <property name="file.encoding.pkg" value="sun.io"/>
    <property name="java.specification.version" value="1.8"/>
    <property name="sun.cpu.isalist" value="amd64"/>
    <property name="sun.jnu.encoding" value="Cp1252"/>
    <property name="java.class.path" value="D:\Docs\computacao\ppd2023\Tuplas\application\target\test-classes;D:\Docs\computacao\ppd2023\Tuplas\application\target\classes;C:\Users\alyso\.m2\repository\junit\junit\4.11\junit-4.11.jar;C:\Users\alyso\.m2\repository\org\hamcrest\hamcrest-core\1.3\hamcrest-core-1.3.jar;D:\Docs\computacao\ppd2023\Tuplas\application\lib\jini-core.jar;D:\Docs\computacao\ppd2023\Tuplas\application\lib\jini-ext.jar;D:\Docs\computacao\ppd2023\Tuplas\application\lib\jsk-lib.jar;D:\Docs\computacao\ppd2023\Tuplas\application\lib\outrigger.jar;D:\Docs\computacao\ppd2023\Tuplas\application\lib\reggie.jar;"/>
    <property name="java.vm.vendor" value="Oracle Corporation"/>
    <property name="sun.arch.data.model" value="64"/>
    <property name="user.variant" value=""/>
    <property name="java.vendor.url" value="http://java.oracle.com/"/>
    <property name="user.timezone" value="America/Cayenne"/>
    <property name="java.vm.specification.version" value="1.8"/>
    <property name="os.name" value="Windows 10"/>
    <property name="user.country" value="BR"/>
    <property name="sun.java.launcher" value="SUN_STANDARD"/>
    <property name="sun.boot.library.path" value="C:\Program Files\Java\openlogic-openjdk-8u372-b07-windows-64\jre\bin"/>
    <property name="sun.java.command" value="C:\Users\alyso\AppData\Local\Temp\surefire1850101038384392338\surefirebooter5684786211473973232.jar C:\Users\alyso\AppData\Local\Temp\surefire1850101038384392338 2023-06-29T06-29-01_032-jvmRun1 surefire4201216332200579045tmp surefire_08953042513087265245tmp"/>
    <property name="surefire.test.class.path" value="D:\Docs\computacao\ppd2023\Tuplas\application\target\test-classes;D:\Docs\computacao\ppd2023\Tuplas\application\target\classes;C:\Users\alyso\.m2\repository\junit\junit\4.11\junit-4.11.jar;C:\Users\alyso\.m2\repository\org\hamcrest\hamcrest-core\1.3\hamcrest-core-1.3.jar;D:\Docs\computacao\ppd2023\Tuplas\application\lib\jini-core.jar;D:\Docs\computacao\ppd2023\Tuplas\application\lib\jini-ext.jar;D:\Docs\computacao\ppd2023\Tuplas\application\lib\jsk-lib.jar;D:\Docs\computacao\ppd2023\Tuplas\application\lib\outrigger.jar;D:\Docs\computacao\ppd2023\Tuplas\application\lib\reggie.jar;"/>
    <property name="sun.cpu.endian" value="little"/>
    <property name="user.home" value="C:\Users\alyso"/>
    <property name="user.language" value="pt"/>
    <property name="java.specification.vendor" value="Oracle Corporation"/>
    <property name="java.home" value="C:\Program Files\Java\openlogic-openjdk-8u372-b07-windows-64\jre"/>
    <property name="basedir" value="D:\Docs\computacao\ppd2023\Tuplas\application"/>
    <property name="file.separator" value="\"/>
    <property name="line.separator" value="&#10;"/>
    <property name="java.vm.specification.vendor" value="Oracle Corporation"/>
    <property name="java.specification.name" value="Java Platform API Specification"/>
    <property name="java.awt.graphicsenv" value="sun.awt.Win32GraphicsEnvironment"/>
    <property name="surefire.real.class.path" value="C:\Users\alyso\AppData\Local\Temp\surefire1850101038384392338\surefirebooter5684786211473973232.jar"/>
    <property name="sun.boot.class.path" value="C:\Program Files\Java\openlogic-openjdk-8u372-b07-windows-64\jre\lib\resources.jar;C:\Program Files\Java\openlogic-openjdk-8u372-b07-windows-64\jre\lib\rt.jar;C:\Program Files\Java\openlogic-openjdk-8u372-b07-windows-64\jre\lib\sunrsasign.jar;C:\Program Files\Java\openlogic-openjdk-8u372-b07-windows-64\jre\lib\jsse.jar;C:\Program Files\Java\openlogic-openjdk-8u372-b07-windows-64\jre\lib\jce.jar;C:\Program Files\Java\openlogic-openjdk-8u372-b07-windows-64\jre\lib\charsets.jar;C:\Program Files\Java\openlogic-openjdk-8u372-b07-windows-64\jre\lib\jfr.jar;C:\Program Files\Java\openlogic-openjdk-8u372-b07-windows-64\jre\classes"/>
    <property name="user.script" value=""/>
    <property name="sun.management.compiler" value="HotSpot 64-Bit Tiered Compilers"/>
    <property name="java.runtime.version" value="1.8.0_372-372-b07"/>
    <property name="user.name" value="alyso"/>
    <property name="path.separator" value=";"/>
    <property name="os.version" value="10.0"/>
    <property name="java.endorsed.dirs" value="C:\Program Files\Java\openlogic-openjdk-8u372-b07-windows-64\jre\lib\endorsed"/>
    <property name="java.runtime.name" value="OpenJDK Runtime Environment"/>
    <property name="file.encoding" value="Cp1252"/>
    <property name="java.vm.name" value="OpenJDK 64-Bit Server VM"/>
    <property name="localRepository" value="C:\Users\alyso\.m2\repository"/>
    <property name="java.vendor.url.bug" value="http://bugreport.sun.com/bugreport/"/>
    <property name="java.io.tmpdir" value="C:\Users\alyso\AppData\Local\Temp\"/>
    <property name="java.version" value="1.8.0_372-372"/>
    <property name="user.dir" value="D:\Docs\computacao\ppd2023\Tuplas\application"/>
    <property name="os.arch" value="amd64"/>
    <property name="java.vm.specification.name" value="Java Virtual Machine Specification"/>
    <property name="java.awt.printerjob" value="sun.awt.windows.WPrinterJob"/>
    <property name="sun.os.patch.level" value=""/>
    <property name="java.library.path" value="C:\Program Files\Java\openlogic-openjdk-8u372-b07-windows-64\jre\bin;C:\Windows\Sun\Java\bin;C:\Windows\system32;C:\Windows;C:\Program Files\Common Files\Oracle\Java\javapath(tirar-isso-depois);C:\Program Files (x86)\Intel\iCLS Client\;C:\Program Files\Intel\iCLS Client\;C:\Windows\system32;C:\Windows;C:\Windows\System32\Wbem;C:\Windows\System32\WindowsPowerShell\v1.0\;C:\Windows\System32\OpenSSH\;C:\Program Files (x86)\Intel\Intel(R) Management Engine Components\DAL;C:\Program Files\Intel\Intel(R) Management Engine Components\DAL;C:\Program Files (x86)\Intel\Intel(R) Management Engine Components\IPT;C:\Program Files\Intel\Intel(R) Management Engine Components\IPT;C:\Program Files (x86)\NVIDIA Corporation\PhysX\Common;C:\Program Files\Intel\WiFi\bin\;C:\Program Files\Common Files\Intel\WirelessCommon\;C:\Program Files\Git\cmd;C:\Users\alyso\AppData\Local\Android\Sdk\platforms;C:\Users\alyso\AppData\Local\Android\Sdk\platform-tools;C:\Program Files\Java\openlogic-openjdk-8u372-b07-windows-64\bin;C:\Users\alyso\AppData\Local\Microsoft\WindowsApps;C:\Program Files\Intel\WiFi\bin\;C:\Program Files\Common Files\Intel\WirelessCommon\;C:\Users\alyso\AppData\Local\Programs\Microsoft VS Code\bin;C:\mingw64\bin;C:\flutter\bin;C:\apache-maven-3.9.3\bin;C:\openlogic-openjdk-8u372-b07-windows-64\bin;;."/>
    <property name="java.vm.info" value="mixed mode"/>
    <property name="java.vendor" value="OpenLogic-OpenJDK"/>
    <property name="java.vm.version" value="25.372-b07"/>
    <property name="java.specification.maintenance.version" value="4"/>
    <property name="java.ext.dirs" value="C:\Program Files\Java\openlogic-openjdk-8u372-b07-windows-64\jre\lib\ext;C:\Windows\Sun\Java\lib\ext"/>
    <property name="sun.io.unicode.encoding" value="UnicodeLittle"/>
    <property name="java.class.version" value="52.0"/>
  </properties>
  <testcase name="shouldAnswerWithTrue" classname="com.alysonnbs.javaspaces.AppTest" time="0.002"/>
</testsuite>